<?xml version="1.0" encoding="UTF-8"?>
<!-- Generated by org.testng.reporters.JUnitReportReporter -->
<testsuite skipped="0" hostname="LAPTOP-3V10EK2N" name="Place.AirlinesBrowser" tests="1" failures="0" timestamp="2020-08-30T20:36:19 CDT" time="33.738" errors="0">
  <testcase name="testReg" time="33.738" classname="Place.AirlinesBrowser"/>
  <system-out/>
</testsuite> <!-- Place.AirlinesBrowser -->
